write to table demand in column pv_totalyield value:  29025.154  for date:  2024-04-30
write to table demand in column total_home_consumption value:  15689.15  for date:  2024-04-30
write to table demand in column totalac2grid value:  17812.832  for date:  2024-04-30
TotalAC2Grid is:  17812.832
2024-04-30 20:26:17 Accu charge switch is off, do nothing
TotalAC2Grid is:  17812.832
2024-04-30 20:26:24 state hp recommendation:  None
2024-04-30 20:26:24 Home Consumption is:  15689.15
2024-04-30 20:26:24 PV Production is:  97.43
counter is:  <bound method Manager.getcounter of <lib.manager.Manager object at 0x7f4eae603ee0>>
connected to broker and published: panasonic_heat_pump/commands/SetCurves {"zone1": {"heat": {"target": {"high": 45, "low": 35}, "outside": {"high": 20, "low": -15}}, "cool": {"target": {"high": 35, "low": 25}, "outside": {"high": 15, "low": -15}}}, "zone2": {"heat": {"target": {"high": 35, "low": 25}, "outside": {"high": 15, "low": -15}}, "cool": {"target": {"high": 35, "low": 25}, "outside": {"high": 15, "low": -15}}}}
write to table demand in column pv_totalyield value:  29025.154  for date:  2024-04-30
write to table demand in column total_home_consumption value:  15689.15  for date:  2024-04-30
write to table demand in column totalac2grid value:  17812.832  for date:  2024-04-30
TotalAC2Grid is:  17812.832
2024-04-30 20:27:16 Accu charge switch is off, do nothing
TotalAC2Grid is:  17812.832
2024-04-30 20:27:22 state hp recommendation:  None
2024-04-30 20:27:22 Home Consumption is:  15689.15
2024-04-30 20:27:22 PV Production is:  94.87
counter is:  <bound method Manager.getcounter of <lib.manager.Manager object at 0x7fd4d2107ee0>>
connected to broker and published: panasonic_heat_pump/commands/SetCurves {"zone1": {"heat": {"target": {"high": 45, "low": 35}, "outside": {"high": 20, "low": -15}}, "cool": {"target": {"high": 35, "low": 25}, "outside": {"high": 15, "low": -15}}}, "zone2": {"heat": {"target": {"high": 35, "low": 25}, "outside": {"high": 15, "low": -15}}, "cool": {"target": {"high": 35, "low": 25}, "outside": {"high": 15, "low": -15}}}}
write to table demand in column pv_totalyield value:  29025.154  for date:  2024-04-30
write to table demand in column total_home_consumption value:  15689.15  for date:  2024-04-30
write to table demand in column totalac2grid value:  17812.832  for date:  2024-04-30
TotalAC2Grid is:  17812.832
2024-04-30 20:28:15 Accu charge switch is off, do nothing
TotalAC2Grid is:  17812.832
2024-04-30 20:28:21 state hp recommendation:  None
2024-04-30 20:28:21 Home Consumption is:  15689.15
2024-04-30 20:28:21 PV Production is:  91.45
counter is:  -1
2024-04-30 20:28:21 energy is expensive right now, heatpump reduce temperature
connected to broker and published: panasonic_heat_pump/commands/SetCurves {"zone1": {"heat": {"target": {"high": 25, "low": 15}, "outside": {"high": 20, "low": -15}}, "cool": {"target": {"high": 35, "low": 25}, "outside": {"high": 15, "low": -15}}}, "zone2": {"heat": {"target": {"high": 35, "low": 25}, "outside": {"high": 15, "low": -15}}, "cool": {"target": {"high": 35, "low": 25}, "outside": {"high": 15, "low": -15}}}}
write to table demand in column pv_totalyield value:  29025.154  for date:  2024-04-30
write to table demand in column total_home_consumption value:  15689.15  for date:  2024-04-30
write to table demand in column totalac2grid value:  17812.832  for date:  2024-04-30
TotalAC2Grid is:  17812.832
2024-04-30 20:29:15 Accu charge switch is off, do nothing
TotalAC2Grid is:  17812.832
2024-04-30 20:29:20 state hp recommendation:  None
2024-04-30 20:29:20 Home Consumption is:  15689.15
2024-04-30 20:29:20 PV Production is:  90.53
counter is:  -3
2024-04-30 20:29:20 energy is expensive right now, heatpump reduce temperature
connected to broker and published: panasonic_heat_pump/commands/SetCurves {"zone1": {"heat": {"target": {"high": 25, "low": 15}, "outside": {"high": 20, "low": -15}}, "cool": {"target": {"high": 35, "low": 25}, "outside": {"high": 15, "low": -15}}}, "zone2": {"heat": {"target": {"high": 35, "low": 25}, "outside": {"high": 15, "low": -15}}, "cool": {"target": {"high": 35, "low": 25}, "outside": {"high": 15, "low": -15}}}}
write to table demand in column pv_totalyield value:  29025.154  for date:  2024-04-30
write to table demand in column total_home_consumption value:  15689.15  for date:  2024-04-30
write to table demand in column totalac2grid value:  17812.832  for date:  2024-04-30
TotalAC2Grid is:  17812.832
2024-04-30 20:30:19 Accu charge switch is off, do nothing
TotalAC2Grid is:  17812.832
2024-04-30 20:30:25 state hp recommendation:  None
2024-04-30 20:30:25 Home Consumption is:  15689.15
2024-04-30 20:30:25 PV Production is:  88.28
counter is:  -4
2024-04-30 20:30:25 energy is expensive right now, heatpump reduce temperature
connected to broker and published: panasonic_heat_pump/commands/SetCurves {"zone1": {"heat": {"target": {"high": 25, "low": 24}, "outside": {"high": 20, "low": -15}}, "cool": {"target": {"high": 35, "low": 25}, "outside": {"high": 15, "low": -15}}}, "zone2": {"heat": {"target": {"high": 35, "low": 25}, "outside": {"high": 15, "low": -15}}, "cool": {"target": {"high": 35, "low": 25}, "outside": {"high": 15, "low": -15}}}}
write to table demand in column pv_totalyield value:  29025.176  for date:  2024-04-30
write to table demand in column total_home_consumption value:  15689.171  for date:  2024-04-30
write to table demand in column totalac2grid value:  17812.832  for date:  2024-04-30
TotalAC2Grid is:  17812.832
2024-04-30 20:31:17 Accu charge switch is off, do nothing
TotalAC2Grid is:  17812.832
2024-04-30 20:31:23 state hp recommendation:  None
2024-04-30 20:31:23 Home Consumption is:  15689.171
2024-04-30 20:31:23 PV Production is:  87.38
counter is:  -5
2024-04-30 20:31:23 energy is expensive right now, heatpump reduce temperature
connected to broker and published: panasonic_heat_pump/commands/SetCurves {"zone1": {"heat": {"target": {"high": 25, "low": 15}, "outside": {"high": 20, "low": -15}}, "cool": {"target": {"high": 35, "low": 25}, "outside": {"high": 15, "low": -15}}}, "zone2": {"heat": {"target": {"high": 35, "low": 25}, "outside": {"high": 15, "low": -15}}, "cool": {"target": {"high": 35, "low": 25}, "outside": {"high": 15, "low": -15}}}}
write to table demand in column pv_totalyield value:  29025.176  for date:  2024-04-30
write to table demand in column total_home_consumption value:  15689.171  for date:  2024-04-30
write to table demand in column totalac2grid value:  17812.832  for date:  2024-04-30
TotalAC2Grid is:  17812.832
2024-04-30 20:32:15 Accu charge switch is off, do nothing
TotalAC2Grid is:  17812.832
2024-04-30 20:32:21 state hp recommendation:  None
2024-04-30 20:32:21 Home Consumption is:  15689.171
2024-04-30 20:32:21 PV Production is:  83.91
counter is:  -6
2024-04-30 20:32:21 energy is expensive right now, heatpump reduce temperature
connected to broker and published: panasonic_heat_pump/commands/SetCurves {"zone1": {"heat": {"target": {"high": 25, "low": 15}, "outside": {"high": 20, "low": -15}}, "cool": {"target": {"high": 35, "low": 25}, "outside": {"high": 15, "low": -15}}}, "zone2": {"heat": {"target": {"high": 35, "low": 25}, "outside": {"high": 15, "low": -15}}, "cool": {"target": {"high": 35, "low": 25}, "outside": {"high": 15, "low": -15}}}}
write to table demand in column pv_totalyield value:  29025.176  for date:  2024-04-30
write to table demand in column total_home_consumption value:  15689.171  for date:  2024-04-30
write to table demand in column totalac2grid value:  17812.832  for date:  2024-04-30
TotalAC2Grid is:  17812.832
2024-04-30 20:33:16 Accu charge switch is off, do nothing
TotalAC2Grid is:  17812.832
2024-04-30 20:33:22 state hp recommendation:  None
2024-04-30 20:33:22 Home Consumption is:  15689.171
2024-04-30 20:33:22 PV Production is:  81.99
counter is:  -7
2024-04-30 20:33:22 energy is expensive right now, heatpump reduce temperature
connected to broker and published: panasonic_heat_pump/commands/SetCurves {"zone1": {"heat": {"target": {"high": 25, "low": 15}, "outside": {"high": 20, "low": -15}}, "cool": {"target": {"high": 35, "low": 25}, "outside": {"high": 15, "low": -15}}}, "zone2": {"heat": {"target": {"high": 35, "low": 25}, "outside": {"high": 15, "low": -15}}, "cool": {"target": {"high": 35, "low": 25}, "outside": {"high": 15, "low": -15}}}}
write to table demand in column pv_totalyield value:  29025.176  for date:  2024-04-30
write to table demand in column total_home_consumption value:  15689.171  for date:  2024-04-30
write to table demand in column totalac2grid value:  17812.832  for date:  2024-04-30
TotalAC2Grid is:  17812.832
2024-04-30 20:34:15 Accu charge switch is off, do nothing
TotalAC2Grid is:  17812.832
2024-04-30 20:34:21 state hp recommendation:  None
2024-04-30 20:34:21 Home Consumption is:  15689.171
2024-04-30 20:34:21 PV Production is:  79.87
counter is:  -8
2024-04-30 20:34:21 energy is expensive right now, heatpump reduce temperature
connected to broker and published: panasonic_heat_pump/commands/SetCurves {"zone1": {"heat": {"target": {"high": 25, "low": 15}, "outside": {"high": 20, "low": -15}}, "cool": {"target": {"high": 35, "low": 25}, "outside": {"high": 15, "low": -15}}}, "zone2": {"heat": {"target": {"high": 35, "low": 25}, "outside": {"high": 15, "low": -15}}, "cool": {"target": {"high": 35, "low": 25}, "outside": {"high": 15, "low": -15}}}}
write to table demand in column pv_totalyield value:  29025.176  for date:  2024-04-30
write to table demand in column total_home_consumption value:  15689.171  for date:  2024-04-30
write to table demand in column totalac2grid value:  17812.832  for date:  2024-04-30
TotalAC2Grid is:  17812.832
2024-04-30 20:35:16 Accu charge switch is off, do nothing
TotalAC2Grid is:  17812.832
2024-04-30 20:35:22 state hp recommendation:  None
2024-04-30 20:35:22 Home Consumption is:  15689.171
2024-04-30 20:35:22 PV Production is:  76.43
counter is:  -9
2024-04-30 20:35:22 energy is expensive right now, heatpump reduce temperature
connected to broker and published: panasonic_heat_pump/commands/SetCurves {"zone1": {"heat": {"target": {"high": 25, "low": 15}, "outside": {"high": 20, "low": -15}}, "cool": {"target": {"high": 35, "low": 25}, "outside": {"high": 15, "low": -15}}}, "zone2": {"heat": {"target": {"high": 35, "low": 25}, "outside": {"high": 15, "low": -15}}, "cool": {"target": {"high": 35, "low": 25}, "outside": {"high": 15, "low": -15}}}}
write to table demand in column pv_totalyield value:  29025.19  for date:  2024-04-30
write to table demand in column total_home_consumption value:  15689.185  for date:  2024-04-30
write to table demand in column totalac2grid value:  17812.832  for date:  2024-04-30
TotalAC2Grid is:  17812.832
2024-04-30 20:36:16 Accu charge switch is off, do nothing
TotalAC2Grid is:  17812.832
2024-04-30 20:36:22 state hp recommendation:  None
2024-04-30 20:36:22 Home Consumption is:  15689.185
2024-04-30 20:36:22 PV Production is:  74.89
counter is:  -10
2024-04-30 20:36:22 energy is expensive right now, heatpump reduce temperature
connected to broker and published: panasonic_heat_pump/commands/SetCurves {"zone1": {"heat": {"target": {"high": 25, "low": 15}, "outside": {"high": 20, "low": -15}}, "cool": {"target": {"high": 35, "low": 25}, "outside": {"high": 15, "low": -15}}}, "zone2": {"heat": {"target": {"high": 35, "low": 25}, "outside": {"high": 15, "low": -15}}, "cool": {"target": {"high": 35, "low": 25}, "outside": {"high": 15, "low": -15}}}}
write to table demand in column pv_totalyield value:  29025.19  for date:  2024-04-30
write to table demand in column total_home_consumption value:  15689.185  for date:  2024-04-30
write to table demand in column totalac2grid value:  17812.832  for date:  2024-04-30
TotalAC2Grid is:  17812.832
2024-04-30 20:37:15 Accu charge switch is off, do nothing
TotalAC2Grid is:  17812.832
2024-04-30 20:37:20 state hp recommendation:  None
2024-04-30 20:37:20 Home Consumption is:  15689.185
2024-04-30 20:37:20 PV Production is:  72.14
counter is:  -11
2024-04-30 20:37:20 energy is expensive right now, heatpump reduce temperature
connected to broker and published: panasonic_heat_pump/commands/SetCurves {"zone1": {"heat": {"target": {"high": 25, "low": 15}, "outside": {"high": 20, "low": -15}}, "cool": {"target": {"high": 35, "low": 25}, "outside": {"high": 15, "low": -15}}}, "zone2": {"heat": {"target": {"high": 35, "low": 25}, "outside": {"high": 15, "low": -15}}, "cool": {"target": {"high": 35, "low": 25}, "outside": {"high": 15, "low": -15}}}}
write to table demand in column pv_totalyield value:  29025.19  for date:  2024-04-30
write to table demand in column total_home_consumption value:  15689.185  for date:  2024-04-30
write to table demand in column totalac2grid value:  17812.832  for date:  2024-04-30
TotalAC2Grid is:  17812.832
2024-04-30 20:38:16 Accu charge switch is off, do nothing
TotalAC2Grid is:  17812.832
2024-04-30 20:38:23 state hp recommendation:  None
2024-04-30 20:38:23 Home Consumption is:  15689.185
2024-04-30 20:38:23 PV Production is:  68.5
counter is:  -12
2024-04-30 20:38:23 energy is expensive right now, heatpump reduce temperature
connected to broker and published: panasonic_heat_pump/commands/SetCurves {"zone1": {"heat": {"target": {"high": 25, "low": 15}, "outside": {"high": 20, "low": -15}}, "cool": {"target": {"high": 35, "low": 25}, "outside": {"high": 15, "low": -15}}}, "zone2": {"heat": {"target": {"high": 35, "low": 25}, "outside": {"high": 15, "low": -15}}, "cool": {"target": {"high": 35, "low": 25}, "outside": {"high": 15, "low": -15}}}}
write to table demand in column pv_totalyield value:  29025.19  for date:  2024-04-30
write to table demand in column total_home_consumption value:  15689.185  for date:  2024-04-30
write to table demand in column totalac2grid value:  17812.832  for date:  2024-04-30
TotalAC2Grid is:  17812.832
2024-04-30 20:39:15 Accu charge switch is off, do nothing
TotalAC2Grid is:  17812.832
2024-04-30 20:39:21 state hp recommendation:  None
2024-04-30 20:39:21 Home Consumption is:  15689.185
2024-04-30 20:39:21 PV Production is:  64.02
counter is:  -13
2024-04-30 20:39:21 energy is expensive right now, heatpump reduce temperature
connected to broker and published: panasonic_heat_pump/commands/SetCurves {"zone1": {"heat": {"target": {"high": 25, "low": 15}, "outside": {"high": 20, "low": -15}}, "cool": {"target": {"high": 35, "low": 25}, "outside": {"high": 15, "low": -15}}}, "zone2": {"heat": {"target": {"high": 35, "low": 25}, "outside": {"high": 15, "low": -15}}, "cool": {"target": {"high": 35, "low": 25}, "outside": {"high": 15, "low": -15}}}}
write to table demand in column pv_totalyield value:  29025.19  for date:  2024-04-30
write to table demand in column total_home_consumption value:  15689.185  for date:  2024-04-30
write to table demand in column totalac2grid value:  17812.832  for date:  2024-04-30
TotalAC2Grid is:  17812.832
2024-04-30 20:40:16 Accu charge switch is off, do nothing
TotalAC2Grid is:  17812.832
2024-04-30 20:40:22 state hp recommendation:  None
2024-04-30 20:40:22 Home Consumption is:  15689.185
2024-04-30 20:40:22 PV Production is:  60.36
counter is:  -14
2024-04-30 20:40:22 energy is expensive right now, heatpump reduce temperature
connected to broker and published: panasonic_heat_pump/commands/SetCurves {"zone1": {"heat": {"target": {"high": 25, "low": 15}, "outside": {"high": 20, "low": -15}}, "cool": {"target": {"high": 35, "low": 25}, "outside": {"high": 15, "low": -15}}}, "zone2": {"heat": {"target": {"high": 35, "low": 25}, "outside": {"high": 15, "low": -15}}, "cool": {"target": {"high": 35, "low": 25}, "outside": {"high": 15, "low": -15}}}}
write to table demand in column pv_totalyield value:  29025.204  for date:  2024-04-30
write to table demand in column total_home_consumption value:  15689.2  for date:  2024-04-30
write to table demand in column totalac2grid value:  17812.832  for date:  2024-04-30
TotalAC2Grid is:  17812.832
2024-04-30 20:41:17 Accu charge switch is off, do nothing
TotalAC2Grid is:  17812.832
2024-04-30 20:41:23 state hp recommendation:  None
2024-04-30 20:41:23 Home Consumption is:  15689.2
2024-04-30 20:41:23 PV Production is:  54.71
counter is:  -15
2024-04-30 20:41:23 energy is expensive right now, heatpump reduce temperature
connected to broker and published: panasonic_heat_pump/commands/SetCurves {"zone1": {"heat": {"target": {"high": 25, "low": 15}, "outside": {"high": 20, "low": -15}}, "cool": {"target": {"high": 35, "low": 25}, "outside": {"high": 15, "low": -15}}}, "zone2": {"heat": {"target": {"high": 35, "low": 25}, "outside": {"high": 15, "low": -15}}, "cool": {"target": {"high": 35, "low": 25}, "outside": {"high": 15, "low": -15}}}}
write to table demand in column pv_totalyield value:  29025.204  for date:  2024-04-30
write to table demand in column total_home_consumption value:  15689.2  for date:  2024-04-30
write to table demand in column totalac2grid value:  17812.832  for date:  2024-04-30
TotalAC2Grid is:  17812.832
2024-04-30 20:42:16 Accu charge switch is off, do nothing
TotalAC2Grid is:  17812.832
2024-04-30 20:42:22 state hp recommendation:  None
2024-04-30 20:42:22 Home Consumption is:  15689.2
2024-04-30 20:42:22 PV Production is:  51.3
counter is:  -16
2024-04-30 20:42:22 energy is expensive right now, heatpump reduce temperature
connected to broker and published: panasonic_heat_pump/commands/SetCurves {"zone1": {"heat": {"target": {"high": 25, "low": 15}, "outside": {"high": 20, "low": -15}}, "cool": {"target": {"high": 35, "low": 25}, "outside": {"high": 15, "low": -15}}}, "zone2": {"heat": {"target": {"high": 35, "low": 25}, "outside": {"high": 15, "low": -15}}, "cool": {"target": {"high": 35, "low": 25}, "outside": {"high": 15, "low": -15}}}}
write to table demand in column pv_totalyield value:  29025.304  for date:  2024-04-30
write to table demand in column total_home_consumption value:  15689.299  for date:  2024-04-30
write to table demand in column totalac2grid value:  17812.832  for date:  2024-04-30
TotalAC2Grid is:  17812.832
2024-04-30 21:15:30 Accu charge switch is off, do nothing
TotalAC2Grid is:  17812.832
2024-04-30 21:16:10 state hp recommendation:  None
2024-04-30 21:16:10 Home Consumption is:  15689.299
2024-04-30 21:16:10 PV Production is:  6.8
counter is:  -17
2024-04-30 21:16:10 energy is expensive right now, heatpump reduce temperature
connected to broker and published: panasonic_heat_pump/commands/SetCurves {"zone1": {"heat": {"target": {"high": 25, "low": 15}, "outside": {"high": 20, "low": -15}}, "cool": {"target": {"high": 35, "low": 25}, "outside": {"high": 15, "low": -15}}}, "zone2": {"heat": {"target": {"high": 35, "low": 25}, "outside": {"high": 15, "low": -15}}, "cool": {"target": {"high": 35, "low": 25}, "outside": {"high": 15, "low": -15}}}}
write to table demand in column pv_totalyield value:  29025.304  for date:  2024-04-30
write to table demand in column total_home_consumption value:  15689.299  for date:  2024-04-30
write to table demand in column totalac2grid value:  17812.832  for date:  2024-04-30
TotalAC2Grid is:  17812.832
2024-04-30 21:15:32 Accu charge switch is off, do nothing
TotalAC2Grid is:  17812.832
2024-04-30 21:16:12 state hp recommendation:  None
2024-04-30 21:16:12 Home Consumption is:  15689.299
2024-04-30 21:16:12 PV Production is:  6.78
counter is:  -18
2024-04-30 21:16:12 energy is expensive right now, heatpump reduce temperature
connected to broker and published: panasonic_heat_pump/commands/SetCurves {"zone1": {"heat": {"target": {"high": 25, "low": 15}, "outside": {"high": 20, "low": -15}}, "cool": {"target": {"high": 35, "low": 25}, "outside": {"high": 15, "low": -15}}}, "zone2": {"heat": {"target": {"high": 35, "low": 25}, "outside": {"high": 15, "low": -15}}, "cool": {"target": {"high": 35, "low": 25}, "outside": {"high": 15, "low": -15}}}}
write to table demand in column pv_totalyield value:  29025.304  for date:  2024-04-30
write to table demand in column total_home_consumption value:  15689.299  for date:  2024-04-30
write to table demand in column totalac2grid value:  17812.832  for date:  2024-04-30
TotalAC2Grid is:  17812.832
2024-04-30 21:15:35 Accu charge switch is off, do nothing
TotalAC2Grid is:  17812.832
2024-04-30 21:16:18 state hp recommendation:  None
2024-04-30 21:16:18 Home Consumption is:  15689.299
2024-04-30 21:16:18 PV Production is:  7.21
counter is:  -19
2024-04-30 21:16:18 energy is expensive right now, heatpump reduce temperature
connected to broker and published: panasonic_heat_pump/commands/SetCurves {"zone1": {"heat": {"target": {"high": 25, "low": 15}, "outside": {"high": 20, "low": -15}}, "cool": {"target": {"high": 35, "low": 25}, "outside": {"high": 15, "low": -15}}}, "zone2": {"heat": {"target": {"high": 35, "low": 25}, "outside": {"high": 15, "low": -15}}, "cool": {"target": {"high": 35, "low": 25}, "outside": {"high": 15, "low": -15}}}}
write to table demand in column pv_totalyield value:  29025.304  for date:  2024-04-30
write to table demand in column total_home_consumption value:  15689.299  for date:  2024-04-30
write to table demand in column totalac2grid value:  17812.832  for date:  2024-04-30
TotalAC2Grid is:  17812.832
2024-04-30 21:15:37 Accu charge switch is off, do nothing
TotalAC2Grid is:  17812.832
2024-04-30 21:16:21 state hp recommendation:  None
2024-04-30 21:16:21 Home Consumption is:  15689.299
2024-04-30 21:16:21 PV Production is:  6.07
counter is:  -20
2024-04-30 21:16:21 energy is expensive right now, heatpump reduce temperature
connected to broker and published: panasonic_heat_pump/commands/SetCurves {"zone1": {"heat": {"target": {"high": 25, "low": 15}, "outside": {"high": 20, "low": -15}}, "cool": {"target": {"high": 35, "low": 25}, "outside": {"high": 15, "low": -15}}}, "zone2": {"heat": {"target": {"high": 35, "low": 25}, "outside": {"high": 15, "low": -15}}, "cool": {"target": {"high": 35, "low": 25}, "outside": {"high": 15, "low": -15}}}}
write to table demand in column pv_totalyield value:  29025.304  for date:  2024-04-30
write to table demand in column total_home_consumption value:  15689.299  for date:  2024-04-30
write to table demand in column totalac2grid value:  17812.832  for date:  2024-04-30
TotalAC2Grid is:  17812.832
2024-04-30 21:15:54 Accu charge switch is off, do nothing
TotalAC2Grid is:  17812.832
2024-04-30 21:16:42 state hp recommendation:  None
2024-04-30 21:16:42 Home Consumption is:  15689.315
2024-04-30 21:16:42 PV Production is:  4.4
counter is:  -21
2024-04-30 21:16:42 energy is expensive right now, heatpump reduce temperature
connected to broker and published: panasonic_heat_pump/commands/SetCurves {"zone1": {"heat": {"target": {"high": 25, "low": 15}, "outside": {"high": 20, "low": -15}}, "cool": {"target": {"high": 35, "low": 25}, "outside": {"high": 15, "low": -15}}}, "zone2": {"heat": {"target": {"high": 35, "low": 25}, "outside": {"high": 15, "low": -15}}, "cool": {"target": {"high": 35, "low": 25}, "outside": {"high": 15, "low": -15}}}}
write to table demand in column pv_totalyield value:  29025.304  for date:  2024-04-30
write to table demand in column total_home_consumption value:  15689.299  for date:  2024-04-30
write to table demand in column totalac2grid value:  17812.832  for date:  2024-04-30
TotalAC2Grid is:  17812.832
2024-04-30 21:16:00 Accu charge switch is off, do nothing
TotalAC2Grid is:  17812.832
2024-04-30 21:16:48 state hp recommendation:  None
2024-04-30 21:16:48 Home Consumption is:  15689.315
2024-04-30 21:16:48 PV Production is:  6.14
counter is:  -22
2024-04-30 21:16:48 energy is expensive right now, heatpump reduce temperature
connected to broker and published: panasonic_heat_pump/commands/SetCurves {"zone1": {"heat": {"target": {"high": 25, "low": 15}, "outside": {"high": 20, "low": -15}}, "cool": {"target": {"high": 35, "low": 25}, "outside": {"high": 15, "low": -15}}}, "zone2": {"heat": {"target": {"high": 35, "low": 25}, "outside": {"high": 15, "low": -15}}, "cool": {"target": {"high": 35, "low": 25}, "outside": {"high": 15, "low": -15}}}}
write to table demand in column pv_totalyield value:  29025.304  for date:  2024-04-30
write to table demand in column total_home_consumption value:  15689.299  for date:  2024-04-30
write to table demand in column totalac2grid value:  17812.832  for date:  2024-04-30
TotalAC2Grid is:  17812.832
2024-04-30 21:16:19 Accu charge switch is off, do nothing
TotalAC2Grid is:  17812.832
2024-04-30 21:17:03 state hp recommendation:  None
2024-04-30 21:17:03 Home Consumption is:  15689.315
2024-04-30 21:17:03 PV Production is:  6.57
counter is:  -23
2024-04-30 21:17:03 energy is expensive right now, heatpump reduce temperature
connected to broker and published: panasonic_heat_pump/commands/SetCurves {"zone1": {"heat": {"target": {"high": 25, "low": 15}, "outside": {"high": 20, "low": -15}}, "cool": {"target": {"high": 35, "low": 25}, "outside": {"high": 15, "low": -15}}}, "zone2": {"heat": {"target": {"high": 35, "low": 25}, "outside": {"high": 15, "low": -15}}, "cool": {"target": {"high": 35, "low": 25}, "outside": {"high": 15, "low": -15}}}}
write to table demand in column pv_totalyield value:  29025.304  for date:  2024-04-30
write to table demand in column total_home_consumption value:  15689.299  for date:  2024-04-30
write to table demand in column totalac2grid value:  17812.832  for date:  2024-04-30
TotalAC2Grid is:  17812.832
2024-04-30 21:16:22 Accu charge switch is off, do nothing
TotalAC2Grid is:  17812.832
2024-04-30 21:17:05 state hp recommendation:  None
2024-04-30 21:17:05 Home Consumption is:  15689.315
2024-04-30 21:17:05 PV Production is:  5.17
counter is:  -24
2024-04-30 21:17:05 energy is expensive right now, heatpump reduce temperature
connected to broker and published: panasonic_heat_pump/commands/SetCurves {"zone1": {"heat": {"target": {"high": 25, "low": 15}, "outside": {"high": 20, "low": -15}}, "cool": {"target": {"high": 35, "low": 25}, "outside": {"high": 15, "low": -15}}}, "zone2": {"heat": {"target": {"high": 35, "low": 25}, "outside": {"high": 15, "low": -15}}, "cool": {"target": {"high": 35, "low": 25}, "outside": {"high": 15, "low": -15}}}}
write to table demand in column pv_totalyield value:  29025.304  for date:  2024-04-30
write to table demand in column total_home_consumption value:  15689.299  for date:  2024-04-30
write to table demand in column totalac2grid value:  17812.832  for date:  2024-04-30
TotalAC2Grid is:  17812.832
2024-04-30 21:16:25 Accu charge switch is off, do nothing
TotalAC2Grid is:  17812.832
2024-04-30 21:17:07 state hp recommendation:  None
2024-04-30 21:17:07 Home Consumption is:  15689.315
2024-04-30 21:17:07 PV Production is:  5.13
counter is:  -25
2024-04-30 21:17:07 energy is expensive right now, heatpump reduce temperature
connected to broker and published: panasonic_heat_pump/commands/SetCurves {"zone1": {"heat": {"target": {"high": 25, "low": 15}, "outside": {"high": 20, "low": -15}}, "cool": {"target": {"high": 35, "low": 25}, "outside": {"high": 15, "low": -15}}}, "zone2": {"heat": {"target": {"high": 35, "low": 25}, "outside": {"high": 15, "low": -15}}, "cool": {"target": {"high": 35, "low": 25}, "outside": {"high": 15, "low": -15}}}}
write to table demand in column pv_totalyield value:  29025.304  for date:  2024-04-30
write to table demand in column total_home_consumption value:  15689.299  for date:  2024-04-30
write to table demand in column totalac2grid value:  17812.832  for date:  2024-04-30
TotalAC2Grid is:  17812.832
2024-04-30 21:16:40 Accu charge switch is off, do nothing
TotalAC2Grid is:  17812.832
2024-04-30 21:17:23 state hp recommendation:  None
2024-04-30 21:17:23 Home Consumption is:  15689.315
2024-04-30 21:17:23 PV Production is:  6.12
counter is:  -26
2024-04-30 21:17:23 energy is expensive right now, heatpump reduce temperature
connected to broker and published: panasonic_heat_pump/commands/SetCurves {"zone1": {"heat": {"target": {"high": 25, "low": 15}, "outside": {"high": 20, "low": -15}}, "cool": {"target": {"high": 35, "low": 25}, "outside": {"high": 15, "low": -15}}}, "zone2": {"heat": {"target": {"high": 35, "low": 25}, "outside": {"high": 15, "low": -15}}, "cool": {"target": {"high": 35, "low": 25}, "outside": {"high": 15, "low": -15}}}}
write to table demand in column pv_totalyield value:  29025.304  for date:  2024-04-30
write to table demand in column total_home_consumption value:  15689.299  for date:  2024-04-30
write to table demand in column totalac2grid value:  17812.832  for date:  2024-04-30
TotalAC2Grid is:  17812.832
2024-04-30 21:16:42 Accu charge switch is off, do nothing
TotalAC2Grid is:  17812.832
2024-04-30 21:17:23 state hp recommendation:  None
2024-04-30 21:17:23 Home Consumption is:  15689.315
2024-04-30 21:17:23 PV Production is:  6.8
counter is:  -27
2024-04-30 21:17:23 energy is expensive right now, heatpump reduce temperature
connected to broker and published: panasonic_heat_pump/commands/SetCurves {"zone1": {"heat": {"target": {"high": 25, "low": 15}, "outside": {"high": 20, "low": -15}}, "cool": {"target": {"high": 35, "low": 25}, "outside": {"high": 15, "low": -15}}}, "zone2": {"heat": {"target": {"high": 35, "low": 25}, "outside": {"high": 15, "low": -15}}, "cool": {"target": {"high": 35, "low": 25}, "outside": {"high": 15, "low": -15}}}}
write to table demand in column pv_totalyield value:  29025.304  for date:  2024-04-30
write to table demand in column total_home_consumption value:  15689.299  for date:  2024-04-30
write to table demand in column totalac2grid value:  17812.832  for date:  2024-04-30
TotalAC2Grid is:  17812.832
2024-04-30 21:16:44 Accu charge switch is off, do nothing
TotalAC2Grid is:  17812.832
2024-04-30 21:17:24 state hp recommendation:  None
2024-04-30 21:17:24 Home Consumption is:  15689.315
2024-04-30 21:17:24 PV Production is:  6.99
counter is:  -28
2024-04-30 21:17:24 energy is expensive right now, heatpump reduce temperature
connected to broker and published: panasonic_heat_pump/commands/SetCurves {"zone1": {"heat": {"target": {"high": 25, "low": 15}, "outside": {"high": 20, "low": -15}}, "cool": {"target": {"high": 35, "low": 25}, "outside": {"high": 15, "low": -15}}}, "zone2": {"heat": {"target": {"high": 35, "low": 25}, "outside": {"high": 15, "low": -15}}, "cool": {"target": {"high": 35, "low": 25}, "outside": {"high": 15, "low": -15}}}}
write to table demand in column pv_totalyield value:  29025.304  for date:  2024-04-30
write to table demand in column total_home_consumption value:  15689.299  for date:  2024-04-30
write to table demand in column totalac2grid value:  17812.832  for date:  2024-04-30
TotalAC2Grid is:  17812.832
2024-04-30 21:16:43 Accu charge switch is off, do nothing
TotalAC2Grid is:  17812.832
2024-04-30 21:17:26 state hp recommendation:  None
2024-04-30 21:17:26 Home Consumption is:  15689.315
2024-04-30 21:17:26 PV Production is:  7.35
counter is:  -29
2024-04-30 21:17:26 energy is expensive right now, heatpump reduce temperature
connected to broker and published: panasonic_heat_pump/commands/SetCurves {"zone1": {"heat": {"target": {"high": 25, "low": 15}, "outside": {"high": 20, "low": -15}}, "cool": {"target": {"high": 35, "low": 25}, "outside": {"high": 15, "low": -15}}}, "zone2": {"heat": {"target": {"high": 35, "low": 25}, "outside": {"high": 15, "low": -15}}, "cool": {"target": {"high": 35, "low": 25}, "outside": {"high": 15, "low": -15}}}}
write to table demand in column pv_totalyield value:  29025.304  for date:  2024-04-30
write to table demand in column total_home_consumption value:  15689.299  for date:  2024-04-30
write to table demand in column totalac2grid value:  17812.832  for date:  2024-04-30
TotalAC2Grid is:  17812.832
2024-04-30 21:16:49 Accu charge switch is off, do nothing
TotalAC2Grid is:  17812.832
2024-04-30 21:17:30 state hp recommendation:  None
2024-04-30 21:17:30 Home Consumption is:  15689.315
2024-04-30 21:17:30 PV Production is:  7.08
counter is:  -30
2024-04-30 21:17:30 energy is expensive right now, heatpump reduce temperature
connected to broker and published: panasonic_heat_pump/commands/SetCurves {"zone1": {"heat": {"target": {"high": 25, "low": 15}, "outside": {"high": 20, "low": -15}}, "cool": {"target": {"high": 35, "low": 25}, "outside": {"high": 15, "low": -15}}}, "zone2": {"heat": {"target": {"high": 35, "low": 25}, "outside": {"high": 15, "low": -15}}, "cool": {"target": {"high": 35, "low": 25}, "outside": {"high": 15, "low": -15}}}}
write to table demand in column pv_totalyield value:  29025.304  for date:  2024-04-30
write to table demand in column total_home_consumption value:  15689.299  for date:  2024-04-30
write to table demand in column totalac2grid value:  17812.832  for date:  2024-04-30
TotalAC2Grid is:  17812.832
2024-04-30 21:16:47 Accu charge switch is off, do nothing
TotalAC2Grid is:  17812.832
2024-04-30 21:17:32 state hp recommendation:  None
2024-04-30 21:17:32 Home Consumption is:  15689.315
2024-04-30 21:17:32 PV Production is:  7.08
counter is:  -31
2024-04-30 21:17:32 energy is expensive right now, heatpump reduce temperature
connected to broker and published: panasonic_heat_pump/commands/SetCurves {"zone1": {"heat": {"target": {"high": 25, "low": 15}, "outside": {"high": 20, "low": -15}}, "cool": {"target": {"high": 35, "low": 25}, "outside": {"high": 15, "low": -15}}}, "zone2": {"heat": {"target": {"high": 35, "low": 25}, "outside": {"high": 15, "low": -15}}, "cool": {"target": {"high": 35, "low": 25}, "outside": {"high": 15, "low": -15}}}}
write to table demand in column pv_totalyield value:  29025.304  for date:  2024-04-30
write to table demand in column total_home_consumption value:  15689.299  for date:  2024-04-30
write to table demand in column totalac2grid value:  17812.832  for date:  2024-04-30
TotalAC2Grid is:  17812.832
2024-04-30 21:16:29 Accu charge switch is off, do nothing
TotalAC2Grid is:  17812.832
2024-04-30 21:17:32 state hp recommendation:  None
2024-04-30 21:17:32 Home Consumption is:  15689.315
2024-04-30 21:17:32 PV Production is:  5.8
counter is:  -32
2024-04-30 21:17:32 energy is expensive right now, heatpump reduce temperature
connected to broker and published: panasonic_heat_pump/commands/SetCurves {"zone1": {"heat": {"target": {"high": 25, "low": 15}, "outside": {"high": 20, "low": -15}}, "cool": {"target": {"high": 35, "low": 25}, "outside": {"high": 15, "low": -15}}}, "zone2": {"heat": {"target": {"high": 35, "low": 25}, "outside": {"high": 15, "low": -15}}, "cool": {"target": {"high": 35, "low": 25}, "outside": {"high": 15, "low": -15}}}}
write to table demand in column pv_totalyield value:  29025.304  for date:  2024-04-30
write to table demand in column total_home_consumption value:  15689.299  for date:  2024-04-30
write to table demand in column totalac2grid value:  17812.832  for date:  2024-04-30
TotalAC2Grid is:  17812.832
2024-04-30 21:16:56 Accu charge switch is off, do nothing
TotalAC2Grid is:  17812.832
2024-04-30 21:17:35 state hp recommendation:  None
2024-04-30 21:17:35 Home Consumption is:  15689.315
2024-04-30 21:17:35 PV Production is:  6.29
counter is:  -33
2024-04-30 21:17:35 energy is expensive right now, heatpump reduce temperature
connected to broker and published: panasonic_heat_pump/commands/SetCurves {"zone1": {"heat": {"target": {"high": 25, "low": 15}, "outside": {"high": 20, "low": -15}}, "cool": {"target": {"high": 35, "low": 25}, "outside": {"high": 15, "low": -15}}}, "zone2": {"heat": {"target": {"high": 35, "low": 25}, "outside": {"high": 15, "low": -15}}, "cool": {"target": {"high": 35, "low": 25}, "outside": {"high": 15, "low": -15}}}}
write to table demand in column pv_totalyield value:  29025.304  for date:  2024-04-30
write to table demand in column total_home_consumption value:  15689.299  for date:  2024-04-30
write to table demand in column totalac2grid value:  17812.832  for date:  2024-04-30
TotalAC2Grid is:  17812.832
2024-04-30 21:16:59 Accu charge switch is off, do nothing
TotalAC2Grid is:  17812.832
2024-04-30 21:17:37 state hp recommendation:  None
2024-04-30 21:17:37 Home Consumption is:  15689.315
2024-04-30 21:17:37 PV Production is:  5.8
counter is:  -34
2024-04-30 21:17:37 energy is expensive right now, heatpump reduce temperature
connected to broker and published: panasonic_heat_pump/commands/SetCurves {"zone1": {"heat": {"target": {"high": 25, "low": 15}, "outside": {"high": 20, "low": -15}}, "cool": {"target": {"high": 35, "low": 25}, "outside": {"high": 15, "low": -15}}}, "zone2": {"heat": {"target": {"high": 35, "low": 25}, "outside": {"high": 15, "low": -15}}, "cool": {"target": {"high": 35, "low": 25}, "outside": {"high": 15, "low": -15}}}}
write to table demand in column pv_totalyield value:  29025.304  for date:  2024-04-30
write to table demand in column total_home_consumption value:  15689.299  for date:  2024-04-30
write to table demand in column totalac2grid value:  17812.832  for date:  2024-04-30
TotalAC2Grid is:  17812.832
2024-04-30 21:17:04 Accu charge switch is off, do nothing
TotalAC2Grid is:  17812.832
2024-04-30 21:17:40 state hp recommendation:  None
2024-04-30 21:17:40 Home Consumption is:  15689.315
2024-04-30 21:17:40 PV Production is:  4.85
counter is:  -35
2024-04-30 21:17:40 energy is expensive right now, heatpump reduce temperature
connected to broker and published: panasonic_heat_pump/commands/SetCurves {"zone1": {"heat": {"target": {"high": 25, "low": 15}, "outside": {"high": 20, "low": -15}}, "cool": {"target": {"high": 35, "low": 25}, "outside": {"high": 15, "low": -15}}}, "zone2": {"heat": {"target": {"high": 35, "low": 25}, "outside": {"high": 15, "low": -15}}, "cool": {"target": {"high": 35, "low": 25}, "outside": {"high": 15, "low": -15}}}}
write to table demand in column pv_totalyield value:  29025.304  for date:  2024-04-30
write to table demand in column total_home_consumption value:  15689.299  for date:  2024-04-30
write to table demand in column totalac2grid value:  17812.832  for date:  2024-04-30
TotalAC2Grid is:  17812.832
2024-04-30 21:17:04 Accu charge switch is off, do nothing
TotalAC2Grid is:  17812.832
2024-04-30 21:17:40 state hp recommendation:  None
2024-04-30 21:17:40 Home Consumption is:  15689.315
2024-04-30 21:17:40 PV Production is:  4.64
counter is:  -36
2024-04-30 21:17:40 energy is expensive right now, heatpump reduce temperature
connected to broker and published: panasonic_heat_pump/commands/SetCurves {"zone1": {"heat": {"target": {"high": 25, "low": 15}, "outside": {"high": 20, "low": -15}}, "cool": {"target": {"high": 35, "low": 25}, "outside": {"high": 15, "low": -15}}}, "zone2": {"heat": {"target": {"high": 35, "low": 25}, "outside": {"high": 15, "low": -15}}, "cool": {"target": {"high": 35, "low": 25}, "outside": {"high": 15, "low": -15}}}}
write to table demand in column pv_totalyield value:  29025.304  for date:  2024-04-30
write to table demand in column total_home_consumption value:  15689.299  for date:  2024-04-30
write to table demand in column totalac2grid value:  17812.832  for date:  2024-04-30
TotalAC2Grid is:  17812.832
2024-04-30 21:16:58 Accu charge switch is off, do nothing
TotalAC2Grid is:  17812.832
2024-04-30 21:17:41 state hp recommendation:  None
2024-04-30 21:17:41 Home Consumption is:  15689.315
2024-04-30 21:17:41 PV Production is:  4.95
counter is:  -37
2024-04-30 21:17:41 energy is expensive right now, heatpump reduce temperature
connected to broker and published: panasonic_heat_pump/commands/SetCurves {"zone1": {"heat": {"target": {"high": 25, "low": 15}, "outside": {"high": 20, "low": -15}}, "cool": {"target": {"high": 35, "low": 25}, "outside": {"high": 15, "low": -15}}}, "zone2": {"heat": {"target": {"high": 35, "low": 25}, "outside": {"high": 15, "low": -15}}, "cool": {"target": {"high": 35, "low": 25}, "outside": {"high": 15, "low": -15}}}}
write to table demand in column pv_totalyield value:  29025.304  for date:  2024-04-30
write to table demand in column total_home_consumption value:  15689.299  for date:  2024-04-30
write to table demand in column totalac2grid value:  17812.832  for date:  2024-04-30
TotalAC2Grid is:  17812.832
2024-04-30 21:17:08 Accu charge switch is off, do nothing
TotalAC2Grid is:  17812.832
2024-04-30 21:17:43 state hp recommendation:  None
2024-04-30 21:17:43 Home Consumption is:  15689.315
2024-04-30 21:17:43 PV Production is:  4.12
counter is:  -38
2024-04-30 21:17:43 energy is expensive right now, heatpump reduce temperature
connected to broker and published: panasonic_heat_pump/commands/SetCurves {"zone1": {"heat": {"target": {"high": 25, "low": 15}, "outside": {"high": 20, "low": -15}}, "cool": {"target": {"high": 35, "low": 25}, "outside": {"high": 15, "low": -15}}}, "zone2": {"heat": {"target": {"high": 35, "low": 25}, "outside": {"high": 15, "low": -15}}, "cool": {"target": {"high": 35, "low": 25}, "outside": {"high": 15, "low": -15}}}}
write to table demand in column pv_totalyield value:  29025.304  for date:  2024-04-30
write to table demand in column total_home_consumption value:  15689.299  for date:  2024-04-30
write to table demand in column totalac2grid value:  17812.832  for date:  2024-04-30
TotalAC2Grid is:  17812.832
2024-04-30 21:16:59 Accu charge switch is off, do nothing
TotalAC2Grid is:  17812.832
2024-04-30 21:17:44 state hp recommendation:  None
2024-04-30 21:17:44 Home Consumption is:  15689.315
2024-04-30 21:17:44 PV Production is:  4.89
counter is:  -39
2024-04-30 21:17:44 energy is expensive right now, heatpump reduce temperature
connected to broker and published: panasonic_heat_pump/commands/SetCurves {"zone1": {"heat": {"target": {"high": 25, "low": 15}, "outside": {"high": 20, "low": -15}}, "cool": {"target": {"high": 35, "low": 25}, "outside": {"high": 15, "low": -15}}}, "zone2": {"heat": {"target": {"high": 35, "low": 25}, "outside": {"high": 15, "low": -15}}, "cool": {"target": {"high": 35, "low": 25}, "outside": {"high": 15, "low": -15}}}}
write to table demand in column pv_totalyield value:  29025.304  for date:  2024-04-30
write to table demand in column total_home_consumption value:  15689.299  for date:  2024-04-30
write to table demand in column totalac2grid value:  17812.832  for date:  2024-04-30
TotalAC2Grid is:  17812.832
2024-04-30 21:16:41 Accu charge switch is off, do nothing
TotalAC2Grid is:  17812.832
2024-04-30 21:17:44 state hp recommendation:  None
2024-04-30 21:17:44 Home Consumption is:  15689.315
2024-04-30 21:17:44 PV Production is:  6.29
counter is:  -40
2024-04-30 21:17:44 energy is expensive right now, heatpump reduce temperature
connected to broker and published: panasonic_heat_pump/commands/SetCurves {"zone1": {"heat": {"target": {"high": 25, "low": 15}, "outside": {"high": 20, "low": -15}}, "cool": {"target": {"high": 35, "low": 25}, "outside": {"high": 15, "low": -15}}}, "zone2": {"heat": {"target": {"high": 35, "low": 25}, "outside": {"high": 15, "low": -15}}, "cool": {"target": {"high": 35, "low": 25}, "outside": {"high": 15, "low": -15}}}}
write to table demand in column pv_totalyield value:  29025.318  for date:  2024-04-30
write to table demand in column total_home_consumption value:  15689.299  for date:  2024-04-30
write to table demand in column totalac2grid value:  17812.832  for date:  2024-04-30
TotalAC2Grid is:  17812.832
2024-04-30 21:17:11 Accu charge switch is off, do nothing
TotalAC2Grid is:  17812.832
2024-04-30 21:17:45 state hp recommendation:  None
2024-04-30 21:17:45 Home Consumption is:  15689.315
2024-04-30 21:17:45 PV Production is:  4.74
counter is:  -41
2024-04-30 21:17:45 energy is expensive right now, heatpump reduce temperature
connected to broker and published: panasonic_heat_pump/commands/SetCurves {"zone1": {"heat": {"target": {"high": 25, "low": 15}, "outside": {"high": 20, "low": -15}}, "cool": {"target": {"high": 35, "low": 25}, "outside": {"high": 15, "low": -15}}}, "zone2": {"heat": {"target": {"high": 35, "low": 25}, "outside": {"high": 15, "low": -15}}, "cool": {"target": {"high": 35, "low": 25}, "outside": {"high": 15, "low": -15}}}}
write to table demand in column pv_totalyield value:  29025.304  for date:  2024-04-30
write to table demand in column total_home_consumption value:  15689.299  for date:  2024-04-30
write to table demand in column totalac2grid value:  17812.832  for date:  2024-04-30
TotalAC2Grid is:  17812.832
2024-04-30 21:17:10 Accu charge switch is off, do nothing
TotalAC2Grid is:  17812.832
2024-04-30 21:17:45 state hp recommendation:  None
2024-04-30 21:17:45 Home Consumption is:  15689.315
2024-04-30 21:17:45 PV Production is:  4.32
counter is:  -42
2024-04-30 21:17:45 energy is expensive right now, heatpump reduce temperature
connected to broker and published: panasonic_heat_pump/commands/SetCurves {"zone1": {"heat": {"target": {"high": 25, "low": 15}, "outside": {"high": 20, "low": -15}}, "cool": {"target": {"high": 35, "low": 25}, "outside": {"high": 15, "low": -15}}}, "zone2": {"heat": {"target": {"high": 35, "low": 25}, "outside": {"high": 15, "low": -15}}, "cool": {"target": {"high": 35, "low": 25}, "outside": {"high": 15, "low": -15}}}}
write to table demand in column pv_totalyield value:  29025.318  for date:  2024-04-30
write to table demand in column total_home_consumption value:  15689.299  for date:  2024-04-30
write to table demand in column totalac2grid value:  17812.832  for date:  2024-04-30
TotalAC2Grid is:  17812.832
2024-04-30 21:17:26 Accu charge switch is off, do nothing
TotalAC2Grid is:  17812.832
2024-04-30 21:17:51 state hp recommendation:  None
2024-04-30 21:17:51 Home Consumption is:  15689.315
2024-04-30 21:17:51 PV Production is:  6.7
counter is:  -43
2024-04-30 21:17:51 energy is expensive right now, heatpump reduce temperature
connected to broker and published: panasonic_heat_pump/commands/SetCurves {"zone1": {"heat": {"target": {"high": 25, "low": 15}, "outside": {"high": 20, "low": -15}}, "cool": {"target": {"high": 35, "low": 25}, "outside": {"high": 15, "low": -15}}}, "zone2": {"heat": {"target": {"high": 35, "low": 25}, "outside": {"high": 15, "low": -15}}, "cool": {"target": {"high": 35, "low": 25}, "outside": {"high": 15, "low": -15}}}}
write to table demand in column pv_totalyield value:  29025.304  for date:  2024-04-30
write to table demand in column total_home_consumption value:  15689.299  for date:  2024-04-30
write to table demand in column totalac2grid value:  17812.832  for date:  2024-04-30
TotalAC2Grid is:  17812.832
2024-04-30 21:17:18 Accu charge switch is off, do nothing
TotalAC2Grid is:  17812.832
2024-04-30 21:17:51 state hp recommendation:  None
2024-04-30 21:17:51 Home Consumption is:  15689.315
2024-04-30 21:17:51 PV Production is:  6.28
counter is:  -44
2024-04-30 21:17:51 energy is expensive right now, heatpump reduce temperature
connected to broker and published: panasonic_heat_pump/commands/SetCurves {"zone1": {"heat": {"target": {"high": 25, "low": 15}, "outside": {"high": 20, "low": -15}}, "cool": {"target": {"high": 35, "low": 25}, "outside": {"high": 15, "low": -15}}}, "zone2": {"heat": {"target": {"high": 35, "low": 25}, "outside": {"high": 15, "low": -15}}, "cool": {"target": {"high": 35, "low": 25}, "outside": {"high": 15, "low": -15}}}}
write to table demand in column pv_totalyield value:  29025.304  for date:  2024-04-30
write to table demand in column total_home_consumption value:  15689.299  for date:  2024-04-30
write to table demand in column totalac2grid value:  17812.832  for date:  2024-04-30
TotalAC2Grid is:  17812.832
2024-04-30 21:17:22 Accu charge switch is off, do nothing
TotalAC2Grid is:  17812.832
2024-04-30 21:17:51 state hp recommendation:  None
2024-04-30 21:17:51 Home Consumption is:  15689.315
2024-04-30 21:17:51 PV Production is:  6.85
counter is:  -45
2024-04-30 21:17:51 energy is expensive right now, heatpump reduce temperature
connected to broker and published: panasonic_heat_pump/commands/SetCurves {"zone1": {"heat": {"target": {"high": 25, "low": 15}, "outside": {"high": 20, "low": -15}}, "cool": {"target": {"high": 35, "low": 25}, "outside": {"high": 15, "low": -15}}}, "zone2": {"heat": {"target": {"high": 35, "low": 25}, "outside": {"high": 15, "low": -15}}, "cool": {"target": {"high": 35, "low": 25}, "outside": {"high": 15, "low": -15}}}}
write to table demand in column pv_totalyield value:  29025.318  for date:  2024-04-30
write to table demand in column total_home_consumption value:  15689.299  for date:  2024-04-30
write to table demand in column totalac2grid value:  17812.832  for date:  2024-04-30
TotalAC2Grid is:  17812.832
2024-04-30 21:17:26 Accu charge switch is off, do nothing
TotalAC2Grid is:  17812.832
2024-04-30 21:17:52 state hp recommendation:  None
2024-04-30 21:17:52 Home Consumption is:  15689.315
2024-04-30 21:17:52 PV Production is:  6.26
counter is:  -46
2024-04-30 21:17:52 energy is expensive right now, heatpump reduce temperature
connected to broker and published: panasonic_heat_pump/commands/SetCurves {"zone1": {"heat": {"target": {"high": 25, "low": 15}, "outside": {"high": 20, "low": -15}}, "cool": {"target": {"high": 35, "low": 25}, "outside": {"high": 15, "low": -15}}}, "zone2": {"heat": {"target": {"high": 35, "low": 25}, "outside": {"high": 15, "low": -15}}, "cool": {"target": {"high": 35, "low": 25}, "outside": {"high": 15, "low": -15}}}}
write to table demand in column pv_totalyield value:  29025.318  for date:  2024-04-30
write to table demand in column total_home_consumption value:  15689.299  for date:  2024-04-30
write to table demand in column totalac2grid value:  17812.832  for date:  2024-04-30
TotalAC2Grid is:  17812.832
2024-04-30 21:17:27 Accu charge switch is off, do nothing
TotalAC2Grid is:  17812.832
2024-04-30 21:17:55 state hp recommendation:  None
2024-04-30 21:17:55 Home Consumption is:  15689.315
2024-04-30 21:17:55 PV Production is:  6.06
counter is:  -47
2024-04-30 21:17:55 energy is expensive right now, heatpump reduce temperature
connected to broker and published: panasonic_heat_pump/commands/SetCurves {"zone1": {"heat": {"target": {"high": 25, "low": 15}, "outside": {"high": 20, "low": -15}}, "cool": {"target": {"high": 35, "low": 25}, "outside": {"high": 15, "low": -15}}}, "zone2": {"heat": {"target": {"high": 35, "low": 25}, "outside": {"high": 15, "low": -15}}, "cool": {"target": {"high": 35, "low": 25}, "outside": {"high": 15, "low": -15}}}}
write to table demand in column pv_totalyield value:  29025.304  for date:  2024-04-30
write to table demand in column total_home_consumption value:  15689.299  for date:  2024-04-30
write to table demand in column totalac2grid value:  17812.832  for date:  2024-04-30
TotalAC2Grid is:  17812.832
2024-04-30 21:17:30 Accu charge switch is off, do nothing
TotalAC2Grid is:  17812.832
2024-04-30 21:17:56 state hp recommendation:  None
2024-04-30 21:17:56 Home Consumption is:  15689.315
2024-04-30 21:17:56 PV Production is:  5.72
counter is:  -48
2024-04-30 21:17:56 energy is expensive right now, heatpump reduce temperature
connected to broker and published: panasonic_heat_pump/commands/SetCurves {"zone1": {"heat": {"target": {"high": 25, "low": 15}, "outside": {"high": 20, "low": -15}}, "cool": {"target": {"high": 35, "low": 25}, "outside": {"high": 15, "low": -15}}}, "zone2": {"heat": {"target": {"high": 35, "low": 25}, "outside": {"high": 15, "low": -15}}, "cool": {"target": {"high": 35, "low": 25}, "outside": {"high": 15, "low": -15}}}}
write to table demand in column pv_totalyield value:  29025.318  for date:  2024-04-30
write to table demand in column total_home_consumption value:  15689.299  for date:  2024-04-30
write to table demand in column totalac2grid value:  17812.832  for date:  2024-04-30
TotalAC2Grid is:  17812.832
2024-04-30 21:17:41 Accu charge switch is off, do nothing
TotalAC2Grid is:  17812.832
2024-04-30 21:17:57 state hp recommendation:  None
2024-04-30 21:17:57 Home Consumption is:  15689.315
2024-04-30 21:17:57 PV Production is:  6.19
counter is:  -49
2024-04-30 21:17:57 energy is expensive right now, heatpump reduce temperature
connected to broker and published: panasonic_heat_pump/commands/SetCurves {"zone1": {"heat": {"target": {"high": 25, "low": 15}, "outside": {"high": 20, "low": -15}}, "cool": {"target": {"high": 35, "low": 25}, "outside": {"high": 15, "low": -15}}}, "zone2": {"heat": {"target": {"high": 35, "low": 25}, "outside": {"high": 15, "low": -15}}, "cool": {"target": {"high": 35, "low": 25}, "outside": {"high": 15, "low": -15}}}}
write to table demand in column pv_totalyield value:  29025.318  for date:  2024-04-30
write to table demand in column total_home_consumption value:  15689.315  for date:  2024-04-30
write to table demand in column totalac2grid value:  17812.832  for date:  2024-04-30
TotalAC2Grid is:  17812.832
2024-04-30 21:17:34 Accu charge switch is off, do nothing
TotalAC2Grid is:  17812.832
2024-04-30 21:17:57 state hp recommendation:  None
2024-04-30 21:17:57 Home Consumption is:  15689.315
2024-04-30 21:17:57 PV Production is:  5.72
counter is:  -50
2024-04-30 21:17:57 energy is expensive right now, heatpump reduce temperature
connected to broker and published: panasonic_heat_pump/commands/SetCurves {"zone1": {"heat": {"target": {"high": 25, "low": 15}, "outside": {"high": 20, "low": -15}}, "cool": {"target": {"high": 35, "low": 25}, "outside": {"high": 15, "low": -15}}}, "zone2": {"heat": {"target": {"high": 35, "low": 25}, "outside": {"high": 15, "low": -15}}, "cool": {"target": {"high": 35, "low": 25}, "outside": {"high": 15, "low": -15}}}}
write to table demand in column pv_totalyield value:  29025.318  for date:  2024-04-30
write to table demand in column total_home_consumption value:  15689.315  for date:  2024-04-30
write to table demand in column totalac2grid value:  17812.832  for date:  2024-04-30
TotalAC2Grid is:  17812.832
2024-04-30 21:18:01 Accu charge switch is off, do nothing
TotalAC2Grid is:  17812.832
2024-04-30 21:18:08 state hp recommendation:  None
2024-04-30 21:18:08 Home Consumption is:  15689.315
2024-04-30 21:18:08 PV Production is:  4.38
counter is:  -51
2024-04-30 21:18:08 energy is expensive right now, heatpump reduce temperature
connected to broker and published: panasonic_heat_pump/commands/SetCurves {"zone1": {"heat": {"target": {"high": 25, "low": 15}, "outside": {"high": 20, "low": -15}}, "cool": {"target": {"high": 35, "low": 25}, "outside": {"high": 15, "low": -15}}}, "zone2": {"heat": {"target": {"high": 35, "low": 25}, "outside": {"high": 15, "low": -15}}, "cool": {"target": {"high": 35, "low": 25}, "outside": {"high": 15, "low": -15}}}}
write to table demand in column pv_totalyield value:  29025.318  for date:  2024-04-30
write to table demand in column total_home_consumption value:  15689.315  for date:  2024-04-30
write to table demand in column totalac2grid value:  17812.832  for date:  2024-04-30
TotalAC2Grid is:  17812.832
2024-04-30 21:18:15 Accu charge switch is off, do nothing
TotalAC2Grid is:  17812.832
2024-04-30 21:18:21 state hp recommendation:  None
2024-04-30 21:18:21 Home Consumption is:  15689.315
2024-04-30 21:18:21 PV Production is:  5.25
counter is:  -52
2024-04-30 21:18:21 energy is expensive right now, heatpump reduce temperature
connected to broker and published: panasonic_heat_pump/commands/SetCurves {"zone1": {"heat": {"target": {"high": 25, "low": 15}, "outside": {"high": 20, "low": -15}}, "cool": {"target": {"high": 35, "low": 25}, "outside": {"high": 15, "low": -15}}}, "zone2": {"heat": {"target": {"high": 35, "low": 25}, "outside": {"high": 15, "low": -15}}, "cool": {"target": {"high": 35, "low": 25}, "outside": {"high": 15, "low": -15}}}}
write to table demand in column pv_totalyield value:  29025.318  for date:  2024-04-30
write to table demand in column total_home_consumption value:  15689.315  for date:  2024-04-30
write to table demand in column totalac2grid value:  17812.832  for date:  2024-04-30
TotalAC2Grid is:  17812.832
2024-04-30 21:19:14 Accu charge switch is off, do nothing
TotalAC2Grid is:  17812.832
2024-04-30 21:19:20 state hp recommendation:  None
2024-04-30 21:19:20 Home Consumption is:  15689.315
2024-04-30 21:19:20 PV Production is:  5.22
counter is:  -53
2024-04-30 21:19:20 energy is expensive right now, heatpump reduce temperature
connected to broker and published: panasonic_heat_pump/commands/SetCurves {"zone1": {"heat": {"target": {"high": 25, "low": 15}, "outside": {"high": 20, "low": -15}}, "cool": {"target": {"high": 35, "low": 25}, "outside": {"high": 15, "low": -15}}}, "zone2": {"heat": {"target": {"high": 35, "low": 25}, "outside": {"high": 15, "low": -15}}, "cool": {"target": {"high": 35, "low": 25}, "outside": {"high": 15, "low": -15}}}}
write to table demand in column pv_totalyield value:  29025.318  for date:  2024-04-30
write to table demand in column total_home_consumption value:  15689.315  for date:  2024-04-30
write to table demand in column totalac2grid value:  17812.832  for date:  2024-04-30
TotalAC2Grid is:  17812.832
2024-04-30 21:20:17 Accu charge switch is off, do nothing
TotalAC2Grid is:  17812.832
2024-04-30 21:20:23 state hp recommendation:  None
2024-04-30 21:20:23 Home Consumption is:  15689.334
2024-04-30 21:20:23 PV Production is:  4.92
counter is:  -54
2024-04-30 21:20:23 energy is expensive right now, heatpump reduce temperature
connected to broker and published: panasonic_heat_pump/commands/SetCurves {"zone1": {"heat": {"target": {"high": 25, "low": 15}, "outside": {"high": 20, "low": -15}}, "cool": {"target": {"high": 35, "low": 25}, "outside": {"high": 15, "low": -15}}}, "zone2": {"heat": {"target": {"high": 35, "low": 25}, "outside": {"high": 15, "low": -15}}, "cool": {"target": {"high": 35, "low": 25}, "outside": {"high": 15, "low": -15}}}}
write to table demand in column pv_totalyield value:  29025.338  for date:  2024-04-30
write to table demand in column total_home_consumption value:  15689.334  for date:  2024-04-30
write to table demand in column totalac2grid value:  17812.832  for date:  2024-04-30
TotalAC2Grid is:  17812.832
2024-04-30 21:21:15 Accu charge switch is off, do nothing
TotalAC2Grid is:  17812.832
2024-04-30 21:21:21 state hp recommendation:  None
2024-04-30 21:21:21 Home Consumption is:  15689.334
2024-04-30 21:21:21 PV Production is:  4.03
counter is:  -55
2024-04-30 21:21:21 energy is expensive right now, heatpump reduce temperature
connected to broker and published: panasonic_heat_pump/commands/SetCurves {"zone1": {"heat": {"target": {"high": 25, "low": 15}, "outside": {"high": 20, "low": -15}}, "cool": {"target": {"high": 35, "low": 25}, "outside": {"high": 15, "low": -15}}}, "zone2": {"heat": {"target": {"high": 35, "low": 25}, "outside": {"high": 15, "low": -15}}, "cool": {"target": {"high": 35, "low": 25}, "outside": {"high": 15, "low": -15}}}}
write to table demand in column pv_totalyield value:  29025.338  for date:  2024-04-30
write to table demand in column total_home_consumption value:  15689.334  for date:  2024-04-30
write to table demand in column totalac2grid value:  17812.832  for date:  2024-04-30
TotalAC2Grid is:  17812.832
2024-04-30 21:22:14 Accu charge switch is off, do nothing
TotalAC2Grid is:  17812.832
2024-04-30 21:22:20 state hp recommendation:  None
2024-04-30 21:22:20 Home Consumption is:  15689.334
2024-04-30 21:22:20 PV Production is:  3.88
counter is:  -56
2024-04-30 21:22:20 energy is expensive right now, heatpump reduce temperature
connected to broker and published: panasonic_heat_pump/commands/SetCurves {"zone1": {"heat": {"target": {"high": 25, "low": 15}, "outside": {"high": 20, "low": -15}}, "cool": {"target": {"high": 35, "low": 25}, "outside": {"high": 15, "low": -15}}}, "zone2": {"heat": {"target": {"high": 35, "low": 25}, "outside": {"high": 15, "low": -15}}, "cool": {"target": {"high": 35, "low": 25}, "outside": {"high": 15, "low": -15}}}}
write to table demand in column pv_totalyield value:  29025.338  for date:  2024-04-30
write to table demand in column total_home_consumption value:  15689.334  for date:  2024-04-30
write to table demand in column totalac2grid value:  17812.832  for date:  2024-04-30
TotalAC2Grid is:  17812.832
2024-04-30 21:23:16 Accu charge switch is off, do nothing
TotalAC2Grid is:  17812.832
2024-04-30 21:23:22 state hp recommendation:  None
2024-04-30 21:23:22 Home Consumption is:  15689.334
2024-04-30 21:23:22 PV Production is:  4.78
counter is:  -57
2024-04-30 21:23:22 energy is expensive right now, heatpump reduce temperature
connected to broker and published: panasonic_heat_pump/commands/SetCurves {"zone1": {"heat": {"target": {"high": 25, "low": 15}, "outside": {"high": 20, "low": -15}}, "cool": {"target": {"high": 35, "low": 25}, "outside": {"high": 15, "low": -15}}}, "zone2": {"heat": {"target": {"high": 35, "low": 25}, "outside": {"high": 15, "low": -15}}, "cool": {"target": {"high": 35, "low": 25}, "outside": {"high": 15, "low": -15}}}}
write to table demand in column pv_totalyield value:  29025.338  for date:  2024-04-30
write to table demand in column total_home_consumption value:  15689.334  for date:  2024-04-30
write to table demand in column totalac2grid value:  17812.832  for date:  2024-04-30
TotalAC2Grid is:  17812.832
2024-04-30 21:24:14 Accu charge switch is off, do nothing
TotalAC2Grid is:  17812.832
2024-04-30 21:24:20 state hp recommendation:  None
2024-04-30 21:24:20 Home Consumption is:  15689.334
2024-04-30 21:24:20 PV Production is:  4.16
counter is:  -58
2024-04-30 21:24:20 energy is expensive right now, heatpump reduce temperature
connected to broker and published: panasonic_heat_pump/commands/SetCurves {"zone1": {"heat": {"target": {"high": 25, "low": 15}, "outside": {"high": 20, "low": -15}}, "cool": {"target": {"high": 35, "low": 25}, "outside": {"high": 15, "low": -15}}}, "zone2": {"heat": {"target": {"high": 35, "low": 25}, "outside": {"high": 15, "low": -15}}, "cool": {"target": {"high": 35, "low": 25}, "outside": {"high": 15, "low": -15}}}}
write to table demand in column pv_totalyield value:  29025.338  for date:  2024-04-30
write to table demand in column total_home_consumption value:  15689.334  for date:  2024-04-30
write to table demand in column totalac2grid value:  17812.832  for date:  2024-04-30
TotalAC2Grid is:  17812.832
2024-04-30 21:25:15 Accu charge switch is off, do nothing
TotalAC2Grid is:  17812.832
2024-04-30 21:25:21 state hp recommendation:  None
2024-04-30 21:25:21 Home Consumption is:  15689.334
2024-04-30 21:25:21 PV Production is:  4.33
counter is:  -59
2024-04-30 21:25:21 energy is expensive right now, heatpump reduce temperature
connected to broker and published: panasonic_heat_pump/commands/SetCurves {"zone1": {"heat": {"target": {"high": 25, "low": 15}, "outside": {"high": 20, "low": -15}}, "cool": {"target": {"high": 35, "low": 25}, "outside": {"high": 15, "low": -15}}}, "zone2": {"heat": {"target": {"high": 35, "low": 25}, "outside": {"high": 15, "low": -15}}, "cool": {"target": {"high": 35, "low": 25}, "outside": {"high": 15, "low": -15}}}}
write to table demand in column pv_totalyield value:  29025.352  for date:  2024-04-30
write to table demand in column total_home_consumption value:  15689.349  for date:  2024-04-30
write to table demand in column totalac2grid value:  17812.832  for date:  2024-04-30
TotalAC2Grid is:  17812.832
2024-04-30 21:26:14 Accu charge switch is off, do nothing
TotalAC2Grid is:  17812.832
2024-04-30 21:26:20 state hp recommendation:  None
2024-04-30 21:26:20 Home Consumption is:  15689.349
2024-04-30 21:26:20 PV Production is:  2.04
counter is:  -60
2024-04-30 21:26:20 energy is expensive right now, heatpump reduce temperature
connected to broker and published: panasonic_heat_pump/commands/SetCurves {"zone1": {"heat": {"target": {"high": 25, "low": 15}, "outside": {"high": 20, "low": -15}}, "cool": {"target": {"high": 35, "low": 25}, "outside": {"high": 15, "low": -15}}}, "zone2": {"heat": {"target": {"high": 35, "low": 25}, "outside": {"high": 15, "low": -15}}, "cool": {"target": {"high": 35, "low": 25}, "outside": {"high": 15, "low": -15}}}}
write to table demand in column pv_totalyield value:  29025.352  for date:  2024-04-30
write to table demand in column total_home_consumption value:  15689.349  for date:  2024-04-30
write to table demand in column totalac2grid value:  17812.832  for date:  2024-04-30
TotalAC2Grid is:  17812.832
2024-04-30 21:27:15 Accu charge switch is off, do nothing
TotalAC2Grid is:  17812.832
2024-04-30 21:27:21 state hp recommendation:  None
2024-04-30 21:27:21 Home Consumption is:  15689.349
2024-04-30 21:27:21 PV Production is:  1.96
counter is:  -61
2024-04-30 21:27:21 energy is expensive right now, heatpump reduce temperature
connected to broker and published: panasonic_heat_pump/commands/SetCurves {"zone1": {"heat": {"target": {"high": 25, "low": 15}, "outside": {"high": 20, "low": -15}}, "cool": {"target": {"high": 35, "low": 25}, "outside": {"high": 15, "low": -15}}}, "zone2": {"heat": {"target": {"high": 35, "low": 25}, "outside": {"high": 15, "low": -15}}, "cool": {"target": {"high": 35, "low": 25}, "outside": {"high": 15, "low": -15}}}}
write to table demand in column pv_totalyield value:  29025.352  for date:  2024-04-30
write to table demand in column total_home_consumption value:  15689.349  for date:  2024-04-30
write to table demand in column totalac2grid value:  17812.832  for date:  2024-04-30
TotalAC2Grid is:  17812.832
2024-04-30 21:28:15 Accu charge switch is off, do nothing
TotalAC2Grid is:  17812.832
2024-04-30 21:28:21 state hp recommendation:  None
2024-04-30 21:28:21 Home Consumption is:  15689.349
2024-04-30 21:28:21 PV Production is:  1.74
counter is:  -62
2024-04-30 21:28:21 energy is expensive right now, heatpump reduce temperature
connected to broker and published: panasonic_heat_pump/commands/SetCurves {"zone1": {"heat": {"target": {"high": 25, "low": 15}, "outside": {"high": 20, "low": -15}}, "cool": {"target": {"high": 35, "low": 25}, "outside": {"high": 15, "low": -15}}}, "zone2": {"heat": {"target": {"high": 35, "low": 25}, "outside": {"high": 15, "low": -15}}, "cool": {"target": {"high": 35, "low": 25}, "outside": {"high": 15, "low": -15}}}}
write to table demand in column pv_totalyield value:  29025.352  for date:  2024-04-30
write to table demand in column total_home_consumption value:  15689.349  for date:  2024-04-30
write to table demand in column totalac2grid value:  17812.832  for date:  2024-04-30
TotalAC2Grid is:  17812.832
2024-04-30 21:29:14 Accu charge switch is off, do nothing
TotalAC2Grid is:  17812.832
2024-04-30 21:29:20 state hp recommendation:  None
2024-04-30 21:29:20 Home Consumption is:  15689.349
2024-04-30 21:29:20 PV Production is:  1.48
counter is:  -63
2024-04-30 21:29:20 energy is expensive right now, heatpump reduce temperature
connected to broker and published: panasonic_heat_pump/commands/SetCurves {"zone1": {"heat": {"target": {"high": 25, "low": 15}, "outside": {"high": 20, "low": -15}}, "cool": {"target": {"high": 35, "low": 25}, "outside": {"high": 15, "low": -15}}}, "zone2": {"heat": {"target": {"high": 35, "low": 25}, "outside": {"high": 15, "low": -15}}, "cool": {"target": {"high": 35, "low": 25}, "outside": {"high": 15, "low": -15}}}}
write to table demand in column pv_totalyield value:  29025.352  for date:  2024-04-30
write to table demand in column total_home_consumption value:  15689.349  for date:  2024-04-30
write to table demand in column totalac2grid value:  17812.832  for date:  2024-04-30
TotalAC2Grid is:  17812.832
2024-04-30 21:30:15 Accu charge switch is off, do nothing
TotalAC2Grid is:  17812.832
2024-04-30 21:30:21 state hp recommendation:  None
2024-04-30 21:30:21 Home Consumption is:  15689.349
2024-04-30 21:30:21 PV Production is:  1.48
counter is:  -64
2024-04-30 21:30:21 energy is expensive right now, heatpump reduce temperature
connected to broker and published: panasonic_heat_pump/commands/SetCurves {"zone1": {"heat": {"target": {"high": 25, "low": 15}, "outside": {"high": 20, "low": -15}}, "cool": {"target": {"high": 35, "low": 25}, "outside": {"high": 15, "low": -15}}}, "zone2": {"heat": {"target": {"high": 35, "low": 25}, "outside": {"high": 15, "low": -15}}, "cool": {"target": {"high": 35, "low": 25}, "outside": {"high": 15, "low": -15}}}}
write to table demand in column pv_totalyield value:  29025.368  for date:  2024-04-30
write to table demand in column total_home_consumption value:  15689.364  for date:  2024-04-30
write to table demand in column totalac2grid value:  17812.832  for date:  2024-04-30
TotalAC2Grid is:  17812.832
2024-04-30 21:31:14 Accu charge switch is off, do nothing
TotalAC2Grid is:  17812.832
2024-04-30 21:31:20 state hp recommendation:  None
2024-04-30 21:31:20 Home Consumption is:  15689.364
2024-04-30 21:31:20 PV Production is:  1.11
counter is:  -65
2024-04-30 21:31:20 energy is expensive right now, heatpump reduce temperature
connected to broker and published: panasonic_heat_pump/commands/SetCurves {"zone1": {"heat": {"target": {"high": 25, "low": 15}, "outside": {"high": 20, "low": -15}}, "cool": {"target": {"high": 35, "low": 25}, "outside": {"high": 15, "low": -15}}}, "zone2": {"heat": {"target": {"high": 35, "low": 25}, "outside": {"high": 15, "low": -15}}, "cool": {"target": {"high": 35, "low": 25}, "outside": {"high": 15, "low": -15}}}}
write to table demand in column pv_totalyield value:  29025.368  for date:  2024-04-30
write to table demand in column total_home_consumption value:  15689.364  for date:  2024-04-30
write to table demand in column totalac2grid value:  17812.832  for date:  2024-04-30
TotalAC2Grid is:  17812.832
2024-04-30 21:32:14 Accu charge switch is off, do nothing
TotalAC2Grid is:  17812.832
2024-04-30 21:32:20 state hp recommendation:  None
2024-04-30 21:32:20 Home Consumption is:  15689.364
2024-04-30 21:32:20 PV Production is:  1.03
counter is:  -66
2024-04-30 21:32:20 energy is expensive right now, heatpump reduce temperature
connected to broker and published: panasonic_heat_pump/commands/SetCurves {"zone1": {"heat": {"target": {"high": 25, "low": 15}, "outside": {"high": 20, "low": -15}}, "cool": {"target": {"high": 35, "low": 25}, "outside": {"high": 15, "low": -15}}}, "zone2": {"heat": {"target": {"high": 35, "low": 25}, "outside": {"high": 15, "low": -15}}, "cool": {"target": {"high": 35, "low": 25}, "outside": {"high": 15, "low": -15}}}}
write to table demand in column pv_totalyield value:  29025.368  for date:  2024-04-30
write to table demand in column total_home_consumption value:  15689.364  for date:  2024-04-30
write to table demand in column totalac2grid value:  17812.832  for date:  2024-04-30
TotalAC2Grid is:  17812.832
2024-04-30 21:33:14 Accu charge switch is off, do nothing
TotalAC2Grid is:  17812.832
2024-04-30 21:33:20 state hp recommendation:  None
2024-04-30 21:33:20 Home Consumption is:  15689.364
2024-04-30 21:33:20 PV Production is:  0.81
counter is:  -67
2024-04-30 21:33:20 energy is expensive right now, heatpump reduce temperature
connected to broker and published: panasonic_heat_pump/commands/SetCurves {"zone1": {"heat": {"target": {"high": 25, "low": 15}, "outside": {"high": 20, "low": -15}}, "cool": {"target": {"high": 35, "low": 25}, "outside": {"high": 15, "low": -15}}}, "zone2": {"heat": {"target": {"high": 35, "low": 25}, "outside": {"high": 15, "low": -15}}, "cool": {"target": {"high": 35, "low": 25}, "outside": {"high": 15, "low": -15}}}}
write to table demand in column pv_totalyield value:  29025.368  for date:  2024-04-30
write to table demand in column total_home_consumption value:  15689.364  for date:  2024-04-30
write to table demand in column totalac2grid value:  17812.832  for date:  2024-04-30
TotalAC2Grid is:  17812.832
2024-04-30 21:34:14 Accu charge switch is off, do nothing
TotalAC2Grid is:  17812.832
2024-04-30 21:34:20 state hp recommendation:  None
2024-04-30 21:34:20 Home Consumption is:  15689.364
2024-04-30 21:34:20 PV Production is:  0.68
counter is:  -68
2024-04-30 21:34:20 energy is expensive right now, heatpump reduce temperature
connected to broker and published: panasonic_heat_pump/commands/SetCurves {"zone1": {"heat": {"target": {"high": 25, "low": 15}, "outside": {"high": 20, "low": -15}}, "cool": {"target": {"high": 35, "low": 25}, "outside": {"high": 15, "low": -15}}}, "zone2": {"heat": {"target": {"high": 35, "low": 25}, "outside": {"high": 15, "low": -15}}, "cool": {"target": {"high": 35, "low": 25}, "outside": {"high": 15, "low": -15}}}}
write to table demand in column pv_totalyield value:  29025.368  for date:  2024-04-30
write to table demand in column total_home_consumption value:  15689.364  for date:  2024-04-30
write to table demand in column totalac2grid value:  17812.832  for date:  2024-04-30
TotalAC2Grid is:  17812.832
2024-04-30 21:35:15 Accu charge switch is off, do nothing
TotalAC2Grid is:  17812.832
2024-04-30 21:35:20 state hp recommendation:  None
2024-04-30 21:35:20 Home Consumption is:  15689.364
2024-04-30 21:35:20 PV Production is:  0.57
counter is:  -69
2024-04-30 21:35:20 energy is expensive right now, heatpump reduce temperature
connected to broker and published: panasonic_heat_pump/commands/SetCurves {"zone1": {"heat": {"target": {"high": 25, "low": 15}, "outside": {"high": 20, "low": -15}}, "cool": {"target": {"high": 35, "low": 25}, "outside": {"high": 15, "low": -15}}}, "zone2": {"heat": {"target": {"high": 35, "low": 25}, "outside": {"high": 15, "low": -15}}, "cool": {"target": {"high": 35, "low": 25}, "outside": {"high": 15, "low": -15}}}}
write to table demand in column pv_totalyield value:  29025.384  for date:  2024-04-30
write to table demand in column total_home_consumption value:  15689.38  for date:  2024-04-30
write to table demand in column totalac2grid value:  17812.832  for date:  2024-04-30
TotalAC2Grid is:  17812.832
2024-04-30 21:36:14 Accu charge switch is off, do nothing
TotalAC2Grid is:  17812.832
2024-04-30 21:36:20 state hp recommendation:  None
2024-04-30 21:36:20 Home Consumption is:  15689.38
2024-04-30 21:36:20 PV Production is:  0.45
counter is:  -70
2024-04-30 21:36:20 energy is expensive right now, heatpump reduce temperature
connected to broker and published: panasonic_heat_pump/commands/SetCurves {"zone1": {"heat": {"target": {"high": 25, "low": 15}, "outside": {"high": 20, "low": -15}}, "cool": {"target": {"high": 35, "low": 25}, "outside": {"high": 15, "low": -15}}}, "zone2": {"heat": {"target": {"high": 35, "low": 25}, "outside": {"high": 15, "low": -15}}, "cool": {"target": {"high": 35, "low": 25}, "outside": {"high": 15, "low": -15}}}}
